#
# There is insufficient memory for the Java Runtime Environment to continue.
# Native memory allocation (mmap) failed to map 264241152 bytes for G1 virtual space
# Possible reasons:
#   The system is out of physical RAM or swap space
#   The process is running with CompressedOops enabled, and the Java Heap may be blocking the growth of the native heap
# Possible solutions:
#   Reduce memory load on the system
#   Increase physical memory or swap space
#   Check if swap backing store is full
#   Decrease Java heap size (-Xmx/-Xms)
#   Decrease number of Java threads
#   Decrease Java thread stack sizes (-Xss)
#   Set larger code cache with -XX:ReservedCodeCacheSize=
#   JVM is running with Zero Based Compressed Oops mode in which the Java heap is
#     placed in the first 32GB address space. The Java Heap base address is the
#     maximum limit for the native heap growth. Please use -XX:HeapBaseMinAddress
#     to set the Java Heap base and to place the Java Heap above 32GB virtual address.
# This output file may be truncated or incomplete.
#
#  Out of Memory Error (os_windows.cpp:3552), pid=13360, tid=8940
#
# JRE version:  (17.0.9+11) (build )
# Java VM: Java HotSpot(TM) 64-Bit Server VM (17.0.9+11-LTS-201, mixed mode, sharing, tiered, compressed oops, compressed class ptrs, g1 gc, windows-amd64)
# No core dump will be written. Minidumps are not enabled by default on client versions of Windows
#

---------------  S U M M A R Y ------------

Command Line: -javaagent:C:\Program Files\JetBrains\IntelliJ IDEA Community Edition 2022.3.3\lib\idea_rt.jar=62751:C:\Program Files\JetBrains\IntelliJ IDEA Community Edition 2022.3.3\bin -Dfile.encoding=UTF-8 com.example.CafeManagementSystem.CafeManagementSystemApplication

Host: 11th Gen Intel(R) Core(TM) i5-1135G7 @ 2.40GHz, 8 cores, 15G,  Windows 10 , 64 bit Build 19041 (10.0.19041.3636)
Time: Tue Nov 21 19:28:06 2023 Pakistan Standard Time elapsed time: 0.019620 seconds (0d 0h 0m 0s)

---------------  T H R E A D  ---------------

Current thread (0x0000021639064360):  JavaThread "Unknown thread" [_thread_in_vm, id=8940, stack(0x0000001fdcd00000,0x0000001fdce00000)]

Stack: [0x0000001fdcd00000,0x0000001fdce00000]
Native frames: (J=compiled Java code, j=interpreted, Vv=VM code, C=native code)
V  [jvm.dll+0x678a4a]
V  [jvm.dll+0x7d9cfd]
V  [jvm.dll+0x7db60e]
V  [jvm.dll+0x7dbc73]
V  [jvm.dll+0x245e1f]
V  [jvm.dll+0x6758f9]
V  [jvm.dll+0x66a2a2]
V  [jvm.dll+0x303686]
V  [jvm.dll+0x30ac06]
V  [jvm.dll+0x35a48e]
V  [jvm.dll+0x35a6bf]
V  [jvm.dll+0x2da678]
V  [jvm.dll+0x2db5e4]
V  [jvm.dll+0x7ab6b1]
V  [jvm.dll+0x368041]
V  [jvm.dll+0x78a749]
V  [jvm.dll+0x3ebd4f]
V  [jvm.dll+0x3ed7d1]
C  [jli.dll+0x5297]
C  [ucrtbase.dll+0x21bb2]
C  [KERNEL32.DLL+0x17344]
C  [ntdll.dll+0x526b1]


---------------  P R O C E S S  ---------------

Threads class SMR info:
_java_thread_list=0x00007ffdcefb89d8, length=0, elements={
}

Java Threads: ( => current thread )

Other Threads:
  0x00000216390c8d40 GCTaskThread "GC Thread#0" [stack: 0x0000001fdce00000,0x0000001fdcf00000] [id=21296]
  0x00000216390db710 ConcurrentGCThread "G1 Main Marker" [stack: 0x0000001fdcf00000,0x0000001fdd000000] [id=12020]
  0x00000216390dc030 ConcurrentGCThread "G1 Conc#0" [stack: 0x0000001fdd000000,0x0000001fdd100000] [id=3048]

[error occurred during error reporting (printing all threads), id 0xc0000005, EXCEPTION_ACCESS_VIOLATION (0xc0000005) at pc=0x00007ffdce7eb2d7]

VM state: not at safepoint (not fully initialized)

VM Mutex/Monitor currently owned by a thread:  ([mutex/lock_event])
[0x000002163905d260] Heap_lock - owner thread: 0x0000021639064360

Heap address: 0x0000000704a00000, size: 4022 MB, Compressed Oops mode: Zero based, Oop shift amount: 3

CDS archive(s) mapped at: [0x0000000000000000-0x0000000000000000-0x0000000000000000), size 0, SharedBaseAddress: 0x0000000800000000, ArchiveRelocationMode: 1.
Narrow klass base: 0x0000000000000000, Narrow klass shift: 0, Narrow klass range: 0x0

GC Precious Log:
<Empty>

Heap:
 garbage-first heap   total 0K, used 0K [0x0000000704a00000, 0x0000000800000000)
  region size 2048K, 0 young (0K), 0 survivors (0K)

[error occurred during error reporting (printing heap information), id 0xc0000005, EXCEPTION_ACCESS_VIOLATION (0xc0000005) at pc=0x00007ffdcebd2229]

GC Heap History (0 events):
No events

Deoptimization events (0 events):
No events

Classes unloaded (0 events):
No events

Classes redefined (0 events):
No events

Internal exceptions (0 events):
No events

VM Operations (0 events):
No events

Events (1 events):
Event: 0.013 Loaded shared library C:\Program Files\Java\jdk-17\bin\java.dll


Dynamic libraries:
0x00007ff777490000 - 0x00007ff7774a0000 	C:\Program Files\Java\jdk-17\bin\java.exe
0x00007ffe68c30000 - 0x00007ffe68e28000 	C:\Windows\SYSTEM32\ntdll.dll
0x00007ffe674a0000 - 0x00007ffe6755d000 	C:\Windows\System32\KERNEL32.DLL
0x00007ffe665e0000 - 0x00007ffe668d6000 	C:\Windows\System32\KERNELBASE.dll
0x00007ffe669a0000 - 0x00007ffe66aa0000 	C:\Windows\System32\ucrtbase.dll
0x00007ffe59080000 - 0x00007ffe59099000 	C:\Program Files\Java\jdk-17\bin\jli.dll
0x00007ffe59060000 - 0x00007ffe5907b000 	C:\Program Files\Java\jdk-17\bin\VCRUNTIME140.dll
0x00007ffe67b60000 - 0x00007ffe67c0f000 	C:\Windows\System32\ADVAPI32.dll
0x00007ffe66c90000 - 0x00007ffe66d2e000 	C:\Windows\System32\msvcrt.dll
0x00007ffe687f0000 - 0x00007ffe6888c000 	C:\Windows\System32\sechost.dll
0x00007ffe66f60000 - 0x00007ffe67086000 	C:\Windows\System32\RPCRT4.dll
0x00007ffe68890000 - 0x00007ffe68a2e000 	C:\Windows\System32\USER32.dll
0x00007ffe66c60000 - 0x00007ffe66c82000 	C:\Windows\System32\win32u.dll
0x00007ffe44d40000 - 0x00007ffe44fda000 	C:\Windows\WinSxS\amd64_microsoft.windows.common-controls_6595b64144ccf1df_6.0.19041.3636_none_60b6a03d71f818d5\COMCTL32.dll
0x00007ffe68bc0000 - 0x00007ffe68bec000 	C:\Windows\System32\GDI32.dll
0x00007ffe66310000 - 0x00007ffe6642a000 	C:\Windows\System32\gdi32full.dll
0x00007ffe66aa0000 - 0x00007ffe66b3d000 	C:\Windows\System32\msvcp_win.dll
0x00007ffe5cf50000 - 0x00007ffe5cf5a000 	C:\Windows\SYSTEM32\VERSION.dll
0x00007ffe68b90000 - 0x00007ffe68bc0000 	C:\Windows\System32\IMM32.DLL
0x0000021639010000 - 0x0000021639024000 	C:\Windows\System32\umppc17605.dll
0x00007ffe5c8e0000 - 0x00007ffe5c8ec000 	C:\Program Files\Java\jdk-17\bin\vcruntime140_1.dll
0x00007ffe2f3c0000 - 0x00007ffe2f44e000 	C:\Program Files\Java\jdk-17\bin\msvcp140.dll
0x00007ffdce500000 - 0x00007ffdcf0e1000 	C:\Program Files\Java\jdk-17\bin\server\jvm.dll
0x00007ffe66f50000 - 0x00007ffe66f58000 	C:\Windows\System32\PSAPI.DLL
0x00007ffe48d70000 - 0x00007ffe48d79000 	C:\Windows\SYSTEM32\WSOCK32.dll
0x00007ffe68ac0000 - 0x00007ffe68b2b000 	C:\Windows\System32\WS2_32.dll
0x00007ffe609e0000 - 0x00007ffe60a07000 	C:\Windows\SYSTEM32\WINMM.dll
0x00007ffe64bb0000 - 0x00007ffe64bc2000 	C:\Windows\SYSTEM32\kernel.appcore.dll
0x00007ffe5c230000 - 0x00007ffe5c23a000 	C:\Program Files\Java\jdk-17\bin\jimage.dll
0x00007ffe64830000 - 0x00007ffe64a14000 	C:\Windows\SYSTEM32\DBGHELP.DLL
0x00007ffe60980000 - 0x00007ffe609b4000 	C:\Windows\SYSTEM32\dbgcore.DLL
0x00007ffe66910000 - 0x00007ffe66992000 	C:\Windows\System32\bcryptPrimitives.dll
0x00007ffe59b90000 - 0x00007ffe59b9e000 	C:\Program Files\Java\jdk-17\bin\instrument.dll
0x00007ffe59030000 - 0x00007ffe59055000 	C:\Program Files\Java\jdk-17\bin\java.dll

dbghelp: loaded successfully - version: 4.0.5 - missing functions: none
symbol engine: initialized successfully - sym options: 0x614 - pdb path: .;C:\Program Files\Java\jdk-17\bin;C:\Windows\SYSTEM32;C:\Windows\WinSxS\amd64_microsoft.windows.common-controls_6595b64144ccf1df_6.0.19041.3636_none_60b6a03d71f818d5;C:\Program Files\Java\jdk-17\bin\server

VM Arguments:
jvm_args: -javaagent:C:\Program Files\JetBrains\IntelliJ IDEA Community Edition 2022.3.3\lib\idea_rt.jar=62751:C:\Program Files\JetBrains\IntelliJ IDEA Community Edition 2022.3.3\bin -Dfile.encoding=UTF-8 
java_command: com.example.CafeManagementSystem.CafeManagementSystemApplication
java_class_path (initial): D:\10pearls\CafeManagementSystem\CafeManagementSystem\target\classes;C:\Users\HASSAAN ALI\.m2\repository\org\springframework\boot\spring-boot-starter-data-jpa\3.1.5\spring-boot-starter-data-jpa-3.1.5.jar;C:\Users\HASSAAN ALI\.m2\repository\org\springframework\boot\spring-boot-starter-aop\3.1.5\spring-boot-starter-aop-3.1.5.jar;C:\Users\HASSAAN ALI\.m2\repository\org\springframework\spring-aop\6.0.13\spring-aop-6.0.13.jar;C:\Users\HASSAAN ALI\.m2\repository\org\aspectj\aspectjweaver\1.9.20\aspectjweaver-1.9.20.jar;C:\Users\HASSAAN ALI\.m2\repository\org\springframework\boot\spring-boot-starter-jdbc\3.1.5\spring-boot-starter-jdbc-3.1.5.jar;C:\Users\HASSAAN ALI\.m2\repository\com\zaxxer\HikariCP\5.0.1\HikariCP-5.0.1.jar;C:\Users\HASSAAN ALI\.m2\repository\org\springframework\spring-jdbc\6.0.13\spring-jdbc-6.0.13.jar;C:\Users\HASSAAN ALI\.m2\repository\org\hibernate\orm\hibernate-core\6.2.13.Final\hibernate-core-6.2.13.Final.jar;C:\Users\HASSAAN ALI\.m2\repository\jakarta\persistence\jakarta.persistence-api\3.1.0\jakarta.persistence-api-3.1.0.jar;C:\Users\HASSAAN ALI\.m2\repository\jakarta\transaction\jakarta.transaction-api\2.0.1\jakarta.transaction-api-2.0.1.jar;C:\Users\HASSAAN ALI\.m2\repository\org\jboss\logging\jboss-logging\3.5.3.Final\jboss-logging-3.5.3.Final.jar;C:\Users\HASSAAN ALI\.m2\repository\org\hibernate\common\hibernate-commons-annotations\6.0.6.Final\hibernate-commons-annotations-6.0.6.Final.jar;C:\Users\HASSAAN ALI\.m2\repository\io\smallrye\jandex\3.0.5\jandex-3.0.5.jar;C:\Users\HASSAAN ALI\.m2\repository\com\fasterxml\classmate\1.5.1\classmate-1.5.1.jar;C:\Users\HASSAAN ALI\.m2\repository\net\bytebuddy\byte-buddy\1.14.9\byte-buddy-1.14.9.jar;C:\Users\HASSAAN ALI\.m2\repository\org\glassfish\jaxb\jaxb-runtime\4.0.3\jaxb-runtime-4.0.3.jar;C:\Users\HASSAAN ALI\.m2\repository\org\glassfish\jaxb\jaxb-core\4.0.3\jaxb-core-4.0.3.jar;C:\Users\HASSAAN ALI\.m2\repository\org\eclipse\angus\angus-activation\2.0.1\angus-activation-2
Launcher Type: SUN_STANDARD

[Global flags]
     intx CICompilerCount                          = 4                                         {product} {ergonomic}
     uint ConcGCThreads                            = 2                                         {product} {ergonomic}
     uint G1ConcRefinementThreads                  = 8                                         {product} {ergonomic}
   size_t G1HeapRegionSize                         = 2097152                                   {product} {ergonomic}
    uintx GCDrainStackTargetSize                   = 64                                        {product} {ergonomic}
   size_t InitialHeapSize                          = 264241152                                 {product} {ergonomic}
   size_t MarkStackSize                            = 4194304                                   {product} {ergonomic}
   size_t MaxHeapSize                              = 4217372672                                {product} {ergonomic}
   size_t MinHeapDeltaBytes                        = 2097152                                   {product} {ergonomic}
   size_t MinHeapSize                              = 8388608                                   {product} {ergonomic}
    uintx NonNMethodCodeHeapSize                   = 5839372                                {pd product} {ergonomic}
    uintx NonProfiledCodeHeapSize                  = 122909434                              {pd product} {ergonomic}
    uintx ProfiledCodeHeapSize                     = 122909434                              {pd product} {ergonomic}
    uintx ReservedCodeCacheSize                    = 251658240                              {pd product} {ergonomic}
     bool SegmentedCodeCache                       = true                                      {product} {ergonomic}
   size_t SoftMaxHeapSize                          = 4217372672                             {manageable} {ergonomic}
     bool UseCompressedClassPointers               = true                           {product lp64_product} {ergonomic}
     bool UseCompressedOops                        = true                           {product lp64_product} {ergonomic}
     bool UseG1GC                                  = true                                      {product} {ergonomic}
     bool UseLargePagesIndividualAllocation        = false                                  {pd product} {ergonomic}

Logging:
Log output configuration:
 #0: stdout all=warning uptime,level,tags
 #1: stderr all=off uptime,level,tags

Environment Variables:
PATH=C:\Program Files\Common Files\Oracle\Java\javapath;C:\Windows\system32;C:\Windows;C:\Windows\System32\Wbem;C:\Windows\System32\WindowsPowerShell\v1.0\;C:\Windows\System32\OpenSSH\;C:\Program Files\Java\jdk-11\bin;C:\Program Files (x86)\sbt\bin;C:\Strawberry\c\bin;C:\Strawberry\perl\site\bin;C:\Strawberry\perl\bin;C:\Program Files\PuTTY\;C:\Program Files\nodejs\;C:\Program Files\Git\cmd;C:\Users\HASSAAN ALI\AppData\Local\Microsoft\WindowsApps;C:\Users\HASSAAN ALI\AppData\Local\Programs\Microsoft VS Code\bin;C:\Users\HASSAAN ALI\AppData\Local\Programs\Python\Python311;C:\Users\HASSAAN ALI\AppData\Local\Programs\Python\Python311\Scripts;C:\Users\HASSAAN ALI\AppData\Roaming\npm;C:\Program Files\Java\jdk-17\bin;
USERNAME=HASSAAN ALI
OS=Windows_NT
PROCESSOR_IDENTIFIER=Intel64 Family 6 Model 140 Stepping 1, GenuineIntel



---------------  S Y S T E M  ---------------

OS:
 Windows 10 , 64 bit Build 19041 (10.0.19041.3636)
OS uptime: 0 days 3:25 hours

CPU: total 8 (initial active 8) (4 cores per cpu, 2 threads per core) family 6 model 140 stepping 1 microcode 0x86, cx8, cmov, fxsr, ht, mmx, 3dnowpref, sse, sse2, sse3, ssse3, sse4.1, sse4.2, popcnt, lzcnt, tsc, tscinvbit, avx, avx2, aes, erms, clmul, bmi1, bmi2, adx, avx512f, avx512dq, avx512cd, avx512bw, avx512vl, sha, fma, vzeroupper, avx512_vpopcntdq, avx512_vpclmulqdq, avx512_vaes, avx512_vnni, clflush, clflushopt, clwb, avx512_vbmi2, avx512_vbmi

Memory: 4k page, system-wide physical 16086M (2372M free)
TotalPageFile size 18134M (AvailPageFile size 31M)
current process WorkingSet (physical memory assigned to process): 10M, peak: 10M
current process commit charge ("private bytes"): 60M, peak: 312M

vm_info: Java HotSpot(TM) 64-Bit Server VM (17.0.9+11-LTS-201) for windows-amd64 JRE (17.0.9+11-LTS-201), built on Oct 10 2023 23:16:06 by "mach5one" with MS VC++ 17.1 (VS2022)

END.
